[18:00:54] [main/INFO] [GradleStart]: username: FawtyTwo
[18:00:54] [main/INFO] [GradleStart]: Extra: []
[18:00:54] [main/INFO] [GradleStart]: Password found, attempting login
[18:00:55] [main/ERROR] [GradleStart]: -- Login failed!  Invalid credentials. Invalid username or password.
[18:03:08] [main/INFO] [GradleStart]: username: sakp97@me.com
[18:03:08] [main/INFO] [GradleStart]: Extra: []
[18:03:08] [main/INFO] [GradleStart]: Password found, attempting login
[18:03:09] [main/INFO] [GradleStart]: Login Succesful!
[18:03:09] [main/INFO] [GradleStart]: Running with arguments: [--userProperties, [], --assetsDir, C:/Users/Santiago/.gradle/caches/minecraft/assets, --assetIndex, 1.8, --userType, mojang, --accessToken{REDACTED}, --version, 1.8.9, --uuid, 8867979b9d974af199b5494100150417, --username, FawtyTwo, --tweakClass, net.minecraftforge.fml.common.launcher.FMLTweaker, --tweakClass, net.minecraftforge.gradle.tweakers.CoremodTweaker]
[18:03:09] [main/INFO] [LaunchWrapper]: Loading tweak class name net.minecraftforge.fml.common.launcher.FMLTweaker
[18:03:09] [main/INFO] [LaunchWrapper]: Using primary tweak class name net.minecraftforge.fml.common.launcher.FMLTweaker
[18:03:09] [main/INFO] [LaunchWrapper]: Loading tweak class name net.minecraftforge.gradle.tweakers.CoremodTweaker
[18:03:09] [main/INFO] [LaunchWrapper]: Calling tweak class net.minecraftforge.fml.common.launcher.FMLTweaker
[08:45:19] [main/INFO] [GradleStart]: Extra: []
[08:45:20] [main/INFO] [GradleStart]: Running with arguments: [--tweakClass, net.minecraftforge.fml.common.launcher.FMLServerTweaker, --tweakClass, net.minecraftforge.gradle.tweakers.CoremodTweaker]
[08:45:20] [main/INFO] [LaunchWrapper]: Loading tweak class name net.minecraftforge.fml.common.launcher.FMLServerTweaker
[08:45:20] [main/INFO] [LaunchWrapper]: Using primary tweak class name net.minecraftforge.fml.common.launcher.FMLServerTweaker
[08:45:20] [main/INFO] [LaunchWrapper]: Loading tweak class name net.minecraftforge.gradle.tweakers.CoremodTweaker
[08:45:20] [main/INFO] [LaunchWrapper]: Calling tweak class net.minecraftforge.fml.common.launcher.FMLServerTweaker
[08:46:31] [main/INFO] [GradleStart]: Extra: []
[08:46:31] [main/INFO] [GradleStart]: Running with arguments: [--tweakClass, net.minecraftforge.fml.common.launcher.FMLServerTweaker, --tweakClass, net.minecraftforge.gradle.tweakers.CoremodTweaker]
[08:46:31] [main/INFO] [LaunchWrapper]: Loading tweak class name net.minecraftforge.fml.common.launcher.FMLServerTweaker
[08:46:31] [main/INFO] [LaunchWrapper]: Using primary tweak class name net.minecraftforge.fml.common.launcher.FMLServerTweaker
[08:46:31] [main/INFO] [LaunchWrapper]: Loading tweak class name net.minecraftforge.gradle.tweakers.CoremodTweaker
[08:46:31] [main/INFO] [LaunchWrapper]: Calling tweak class net.minecraftforge.fml.common.launcher.FMLServerTweaker
[15:16:56] [main/INFO] [GradleStart]: username: sakp97@me.com
[15:16:56] [main/INFO] [GradleStart]: Extra: []
[15:16:56] [main/INFO] [GradleStart]: Password found, attempting login
[15:16:59] [main/INFO] [GradleStart]: Login Succesful!
[15:16:59] [main/INFO] [GradleStart]: Running with arguments: [--userProperties, [], --assetsDir, C:/Users/Santiago/.gradle/caches/minecraft/assets, --assetIndex, 1.8, --userType, mojang, --accessToken{REDACTED}, --version, 1.8.9, --uuid, 8867979b9d974af199b5494100150417, --username, FawtyTwo, --tweakClass, net.minecraftforge.fml.common.launcher.FMLTweaker, --tweakClass, net.minecraftforge.gradle.tweakers.CoremodTweaker]
[15:16:59] [main/INFO] [LaunchWrapper]: Loading tweak class name net.minecraftforge.fml.common.launcher.FMLTweaker
[15:16:59] [main/INFO] [LaunchWrapper]: Using primary tweak class name net.minecraftforge.fml.common.launcher.FMLTweaker
[15:16:59] [main/INFO] [LaunchWrapper]: Loading tweak class name net.minecraftforge.gradle.tweakers.CoremodTweaker
[15:16:59] [main/INFO] [LaunchWrapper]: Calling tweak class net.minecraftforge.fml.common.launcher.FMLTweaker
[11:48:48] [main/INFO] [GradleStart]: username: sakp97@me.com
[11:48:48] [main/INFO] [GradleStart]: Extra: []
[11:48:48] [main/INFO] [GradleStart]: Password found, attempting login
[11:48:51] [main/INFO] [GradleStart]: Login Succesful!
[11:48:51] [main/INFO] [GradleStart]: Running with arguments: [--userProperties, [], --assetsDir, C:/Users/Santiago/.gradle/caches/minecraft/assets, --assetIndex, 1.8, --userType, mojang, --accessToken{REDACTED}, --version, 1.8.9, --uuid, 8867979b9d974af199b5494100150417, --username, FawtyTwo, --tweakClass, net.minecraftforge.fml.common.launcher.FMLTweaker, --tweakClass, net.minecraftforge.gradle.tweakers.CoremodTweaker]
[11:48:51] [main/INFO] [LaunchWrapper]: Loading tweak class name net.minecraftforge.fml.common.launcher.FMLTweaker
[11:48:51] [main/INFO] [LaunchWrapper]: Using primary tweak class name net.minecraftforge.fml.common.launcher.FMLTweaker
[11:48:52] [main/INFO] [LaunchWrapper]: Loading tweak class name net.minecraftforge.gradle.tweakers.CoremodTweaker
[11:48:52] [main/INFO] [LaunchWrapper]: Calling tweak class net.minecraftforge.fml.common.launcher.FMLTweaker
[11:53:15] [main/INFO] [GradleStart]: username: sakp97@me.com
[11:53:15] [main/INFO] [GradleStart]: Extra: []
[11:53:15] [main/INFO] [GradleStart]: Password found, attempting login
[11:53:17] [main/INFO] [GradleStart]: Login Succesful!
[11:53:17] [main/INFO] [GradleStart]: Running with arguments: [--userProperties, [], --assetsDir, C:/Users/Santiago/.gradle/caches/minecraft/assets, --assetIndex, 1.8, --userType, mojang, --accessToken{REDACTED}, --version, 1.8.9, --uuid, 8867979b9d974af199b5494100150417, --username, FawtyTwo, --tweakClass, net.minecraftforge.fml.common.launcher.FMLTweaker, --tweakClass, net.minecraftforge.gradle.tweakers.CoremodTweaker]
[11:53:17] [main/INFO] [LaunchWrapper]: Loading tweak class name net.minecraftforge.fml.common.launcher.FMLTweaker
[11:53:17] [main/INFO] [LaunchWrapper]: Using primary tweak class name net.minecraftforge.fml.common.launcher.FMLTweaker
[11:53:17] [main/INFO] [LaunchWrapper]: Loading tweak class name net.minecraftforge.gradle.tweakers.CoremodTweaker
[11:53:17] [main/INFO] [LaunchWrapper]: Calling tweak class net.minecraftforge.fml.common.launcher.FMLTweaker
[12:15:37] [main/INFO] [GradleStart]: username: sakp97@me.com
[12:15:37] [main/INFO] [GradleStart]: Extra: []
[12:15:37] [main/INFO] [GradleStart]: Password found, attempting login
[12:15:40] [main/INFO] [GradleStart]: Login Succesful!
[12:15:40] [main/INFO] [GradleStart]: Running with arguments: [--userProperties, [], --assetsDir, C:/Users/Santiago/.gradle/caches/minecraft/assets, --assetIndex, 1.8, --userType, mojang, --accessToken{REDACTED}, --version, 1.8.9, --uuid, 8867979b9d974af199b5494100150417, --username, FawtyTwo, --tweakClass, net.minecraftforge.fml.common.launcher.FMLTweaker, --tweakClass, net.minecraftforge.gradle.tweakers.CoremodTweaker]
[12:15:40] [main/INFO] [LaunchWrapper]: Loading tweak class name net.minecraftforge.fml.common.launcher.FMLTweaker
[12:15:40] [main/INFO] [LaunchWrapper]: Using primary tweak class name net.minecraftforge.fml.common.launcher.FMLTweaker
[12:15:40] [main/INFO] [LaunchWrapper]: Loading tweak class name net.minecraftforge.gradle.tweakers.CoremodTweaker
[12:15:40] [main/INFO] [LaunchWrapper]: Calling tweak class net.minecraftforge.fml.common.launcher.FMLTweaker
[12:17:46] [main/INFO] [GradleStart]: username: sakp97@me.com
[12:17:46] [main/INFO] [GradleStart]: Extra: []
[12:17:46] [main/INFO] [GradleStart]: Password found, attempting login
[12:17:49] [main/INFO] [GradleStart]: Login Succesful!
[12:17:49] [main/INFO] [GradleStart]: Running with arguments: [--userProperties, [], --assetsDir, C:/Users/Santiago/.gradle/caches/minecraft/assets, --assetIndex, 1.8, --userType, mojang, --accessToken{REDACTED}, --version, 1.8.9, --uuid, 8867979b9d974af199b5494100150417, --username, FawtyTwo, --tweakClass, net.minecraftforge.fml.common.launcher.FMLTweaker, --tweakClass, net.minecraftforge.gradle.tweakers.CoremodTweaker]
[12:17:49] [main/INFO] [LaunchWrapper]: Loading tweak class name net.minecraftforge.fml.common.launcher.FMLTweaker
[12:17:49] [main/INFO] [LaunchWrapper]: Using primary tweak class name net.minecraftforge.fml.common.launcher.FMLTweaker
[12:17:49] [main/INFO] [LaunchWrapper]: Loading tweak class name net.minecraftforge.gradle.tweakers.CoremodTweaker
[12:17:49] [main/INFO] [LaunchWrapper]: Calling tweak class net.minecraftforge.fml.common.launcher.FMLTweaker
[12:22:36] [main/INFO] [GradleStart]: username: sakp97@me.com
[12:22:36] [main/INFO] [GradleStart]: Extra: []
[12:22:36] [main/INFO] [GradleStart]: Password found, attempting login
[12:22:39] [main/INFO] [GradleStart]: Login Succesful!
[12:22:39] [main/INFO] [GradleStart]: Running with arguments: [--userProperties, [], --assetsDir, C:/Users/Santiago/.gradle/caches/minecraft/assets, --assetIndex, 1.8, --userType, mojang, --accessToken{REDACTED}, --version, 1.8.9, --uuid, 8867979b9d974af199b5494100150417, --username, FawtyTwo, --tweakClass, net.minecraftforge.fml.common.launcher.FMLTweaker, --tweakClass, net.minecraftforge.gradle.tweakers.CoremodTweaker]
[12:22:39] [main/INFO] [LaunchWrapper]: Loading tweak class name net.minecraftforge.fml.common.launcher.FMLTweaker
[12:22:39] [main/INFO] [LaunchWrapper]: Using primary tweak class name net.minecraftforge.fml.common.launcher.FMLTweaker
[12:22:39] [main/INFO] [LaunchWrapper]: Loading tweak class name net.minecraftforge.gradle.tweakers.CoremodTweaker
[12:22:39] [main/INFO] [LaunchWrapper]: Calling tweak class net.minecraftforge.fml.common.launcher.FMLTweaker
[12:23:59] [main/INFO] [GradleStart]: username: sakp97@me.com
[12:23:59] [main/INFO] [GradleStart]: Extra: []
[12:23:59] [main/INFO] [GradleStart]: Password found, attempting login
[12:24:02] [main/INFO] [GradleStart]: Login Succesful!
[12:24:02] [main/INFO] [GradleStart]: Running with arguments: [--userProperties, [], --assetsDir, C:/Users/Santiago/.gradle/caches/minecraft/assets, --assetIndex, 1.8, --userType, mojang, --accessToken{REDACTED}, --version, 1.8.9, --uuid, 8867979b9d974af199b5494100150417, --username, FawtyTwo, --tweakClass, net.minecraftforge.fml.common.launcher.FMLTweaker, --tweakClass, net.minecraftforge.gradle.tweakers.CoremodTweaker]
[12:24:02] [main/INFO] [LaunchWrapper]: Loading tweak class name net.minecraftforge.fml.common.launcher.FMLTweaker
[12:24:02] [main/INFO] [LaunchWrapper]: Using primary tweak class name net.minecraftforge.fml.common.launcher.FMLTweaker
[12:24:02] [main/INFO] [LaunchWrapper]: Loading tweak class name net.minecraftforge.gradle.tweakers.CoremodTweaker
[12:24:02] [main/INFO] [LaunchWrapper]: Calling tweak class net.minecraftforge.fml.common.launcher.FMLTweaker
[12:28:18] [main/INFO] [GradleStart]: username: sakp97@me.com
[12:28:18] [main/INFO] [GradleStart]: Extra: []
[12:28:18] [main/INFO] [GradleStart]: Password found, attempting login
[12:28:19] [main/INFO] [GradleStart]: Login Succesful!
[12:28:19] [main/INFO] [GradleStart]: Running with arguments: [--userProperties, [], --assetsDir, C:/Users/Santiago/.gradle/caches/minecraft/assets, --assetIndex, 1.8, --userType, mojang, --accessToken{REDACTED}, --version, 1.8.9, --uuid, 8867979b9d974af199b5494100150417, --username, FawtyTwo, --tweakClass, net.minecraftforge.fml.common.launcher.FMLTweaker, --tweakClass, net.minecraftforge.gradle.tweakers.CoremodTweaker]
[12:28:19] [main/INFO] [LaunchWrapper]: Loading tweak class name net.minecraftforge.fml.common.launcher.FMLTweaker
[12:28:19] [main/INFO] [LaunchWrapper]: Using primary tweak class name net.minecraftforge.fml.common.launcher.FMLTweaker
[12:28:19] [main/INFO] [LaunchWrapper]: Loading tweak class name net.minecraftforge.gradle.tweakers.CoremodTweaker
[12:28:19] [main/INFO] [LaunchWrapper]: Calling tweak class net.minecraftforge.fml.common.launcher.FMLTweaker
[12:31:11] [main/INFO] [GradleStart]: username: sakp97@me.com
[12:31:11] [main/INFO] [GradleStart]: Extra: []
[12:31:11] [main/INFO] [GradleStart]: Password found, attempting login
[12:31:14] [main/INFO] [GradleStart]: Login Succesful!
[12:31:14] [main/INFO] [GradleStart]: Running with arguments: [--userProperties, [], --assetsDir, C:/Users/Santiago/.gradle/caches/minecraft/assets, --assetIndex, 1.8, --userType, mojang, --accessToken{REDACTED}, --version, 1.8.9, --uuid, 8867979b9d974af199b5494100150417, --username, FawtyTwo, --tweakClass, net.minecraftforge.fml.common.launcher.FMLTweaker, --tweakClass, net.minecraftforge.gradle.tweakers.CoremodTweaker]
[12:31:14] [main/INFO] [LaunchWrapper]: Loading tweak class name net.minecraftforge.fml.common.launcher.FMLTweaker
[12:31:14] [main/INFO] [LaunchWrapper]: Using primary tweak class name net.minecraftforge.fml.common.launcher.FMLTweaker
[12:31:14] [main/INFO] [LaunchWrapper]: Loading tweak class name net.minecraftforge.gradle.tweakers.CoremodTweaker
[12:31:14] [main/INFO] [LaunchWrapper]: Calling tweak class net.minecraftforge.fml.common.launcher.FMLTweaker
[08:46:09] [main/INFO] [GradleStart]: username: sakp97@me.com
[08:46:10] [main/INFO] [GradleStart]: Extra: []
[08:46:10] [main/INFO] [GradleStart]: Password found, attempting login
[08:46:11] [main/INFO] [GradleStart]: Login Succesful!
[08:46:11] [main/INFO] [GradleStart]: Running with arguments: [--userProperties, [], --assetsDir, C:/Users/Santiago/.gradle/caches/minecraft/assets, --assetIndex, 1.8, --userType, mojang, --accessToken{REDACTED}, --version, 1.8.9, --uuid, 8867979b9d974af199b5494100150417, --username, FawtyTwo, --tweakClass, net.minecraftforge.fml.common.launcher.FMLTweaker, --tweakClass, net.minecraftforge.gradle.tweakers.CoremodTweaker]
[08:46:11] [main/INFO] [LaunchWrapper]: Loading tweak class name net.minecraftforge.fml.common.launcher.FMLTweaker
[08:46:11] [main/INFO] [LaunchWrapper]: Using primary tweak class name net.minecraftforge.fml.common.launcher.FMLTweaker
[08:46:11] [main/INFO] [LaunchWrapper]: Loading tweak class name net.minecraftforge.gradle.tweakers.CoremodTweaker
[08:46:11] [main/INFO] [LaunchWrapper]: Calling tweak class net.minecraftforge.fml.common.launcher.FMLTweaker
[08:53:32] [main/INFO] [GradleStart]: username: sakp97@me.com
[08:53:32] [main/INFO] [GradleStart]: Extra: []
[08:53:32] [main/INFO] [GradleStart]: Password found, attempting login
[08:53:33] [main/INFO] [GradleStart]: Login Succesful!
[08:53:33] [main/INFO] [GradleStart]: Running with arguments: [--userProperties, [], --assetsDir, C:/Users/Santiago/.gradle/caches/minecraft/assets, --assetIndex, 1.8, --userType, mojang, --accessToken{REDACTED}, --version, 1.8.9, --uuid, 8867979b9d974af199b5494100150417, --username, FawtyTwo, --tweakClass, net.minecraftforge.fml.common.launcher.FMLTweaker, --tweakClass, net.minecraftforge.gradle.tweakers.CoremodTweaker]
[08:53:34] [main/INFO] [LaunchWrapper]: Loading tweak class name net.minecraftforge.fml.common.launcher.FMLTweaker
[08:53:34] [main/INFO] [LaunchWrapper]: Using primary tweak class name net.minecraftforge.fml.common.launcher.FMLTweaker
[08:53:34] [main/INFO] [LaunchWrapper]: Loading tweak class name net.minecraftforge.gradle.tweakers.CoremodTweaker
[08:53:34] [main/INFO] [LaunchWrapper]: Calling tweak class net.minecraftforge.fml.common.launcher.FMLTweaker
[12:20:57] [main/INFO] [GradleStart]: username: sakp97@me.com
[12:20:57] [main/INFO] [GradleStart]: Extra: []
[12:20:57] [main/INFO] [GradleStart]: Password found, attempting login
[12:20:59] [main/INFO] [GradleStart]: Login Succesful!
[12:20:59] [main/INFO] [GradleStart]: Running with arguments: [--userProperties, [], --assetsDir, C:/Users/Santiago/.gradle/caches/minecraft/assets, --assetIndex, 1.8, --userType, mojang, --accessToken{REDACTED}, --version, 1.8.9, --uuid, 8867979b9d974af199b5494100150417, --username, FawtyTwo, --tweakClass, net.minecraftforge.fml.common.launcher.FMLTweaker, --tweakClass, net.minecraftforge.gradle.tweakers.CoremodTweaker]
[12:20:59] [main/INFO] [LaunchWrapper]: Loading tweak class name net.minecraftforge.fml.common.launcher.FMLTweaker
[12:20:59] [main/INFO] [LaunchWrapper]: Using primary tweak class name net.minecraftforge.fml.common.launcher.FMLTweaker
[12:20:59] [main/INFO] [LaunchWrapper]: Loading tweak class name net.minecraftforge.gradle.tweakers.CoremodTweaker
[12:20:59] [main/INFO] [LaunchWrapper]: Calling tweak class net.minecraftforge.fml.common.launcher.FMLTweaker
