[12:20:58] [main/INFO]: Logging in with username & password
[12:21:03] [Client thread/INFO]: Setting user: FawtyTwo
[12:21:11] [Client thread/INFO]: LWJGL Version: 2.9.4
[12:21:24] [Client thread/INFO]: Reloading ResourceManager: Default, FMLFileResourcePack:Forge Mod Loader, FMLFileResourcePack:Minecraft Forge, FMLFileResourcePack:Coldcraft Survival Mod
[12:21:25] [Sound Library Loader/INFO]: Starting up SoundSystem...
[12:21:26] [Thread-9/INFO]: Initializing LWJGL OpenAL
[12:21:26] [Thread-9/INFO]: (The LWJGL binding of OpenAL.  For more information, see http://www.lwjgl.org)
[12:21:26] [Thread-9/INFO]: OpenAL initialized.
[12:21:26] [Sound Library Loader/INFO]: Sound engine started
[12:21:33] [Client thread/INFO]: Created: 16x16 textures-atlas
[12:21:35] [Client thread/INFO]: Reloading ResourceManager: Default, FMLFileResourcePack:Forge Mod Loader, FMLFileResourcePack:Minecraft Forge, FMLFileResourcePack:Coldcraft Survival Mod
[12:21:35] [Client thread/INFO]: SoundSystem shutting down...
[12:21:35] [Client thread/WARN]: Author: Paul Lamb, www.paulscode.com
[12:21:35] [Sound Library Loader/INFO]: Starting up SoundSystem...
[12:21:35] [Thread-11/INFO]: Initializing LWJGL OpenAL
[12:21:35] [Thread-11/INFO]: (The LWJGL binding of OpenAL.  For more information, see http://www.lwjgl.org)
[12:21:35] [Thread-11/INFO]: OpenAL initialized.
[12:21:36] [Sound Library Loader/INFO]: Sound engine started
[12:21:39] [Client thread/INFO]: Created: 512x512 textures-atlas
[12:21:47] [Client thread/INFO]: Stopping!
[12:21:47] [Client thread/INFO]: SoundSystem shutting down...
[12:21:47] [Client thread/WARN]: Author: Paul Lamb, www.paulscode.com
